<?xml version="1.0" encoding="UTF-8"?>
<!-- Generated by org.testng.reporters.JUnitXMLReporter -->
<testsuite ignored="0" hostname="CPX-F8Q18YDEHPK" failures="27" tests="38" name="Surefire test" time="0.197" errors="0" timestamp="2022-06-17T10:43:19 COT">
  <testcase classname="org.reactivestreams.tck.PublisherVerification" name="optional_spec104_mustSignalOnErrorWhenFails" time="0.003">
    <skipped/>
  </testcase> <!-- optional_spec104_mustSignalOnErrorWhenFails -->
  <testcase classname="org.reactivestreams.tck.PublisherVerification" name="optional_spec105_emptyStreamMustTerminateBySignallingOnComplete" time="0.003">
    <failure type="java.lang.NullPointerException" message="flowPublisher">
      <![CDATA[java.lang.NullPointerException: flowPublisher
at java.base/java.util.Objects.requireNonNull(Objects.java:233)
at org.reactivestreams.FlowAdapters.toPublisher(FlowAdapters.java:28)
at org.reactivestreams.tck.flow.FlowPublisherVerification.createPublisher(FlowPublisherVerification.java:32)
at org.reactivestreams.tck.PublisherVerification.optionalActivePublisherTest(PublisherVerification.java:1156)
at org.reactivestreams.tck.PublisherVerification.optional_spec105_emptyStreamMustTerminateBySignallingOnComplete(PublisherVerification.java:405)
at java.base/java.util.ArrayList.forEach(ArrayList.java:1511)
... Removed 32 stack frames]]>
    </failure>
  </testcase> <!-- optional_spec105_emptyStreamMustTerminateBySignallingOnComplete -->
  <testcase classname="org.reactivestreams.tck.PublisherVerification" name="optional_spec111_maySupportMultiSubscribe" time="0.001">
    <failure type="java.lang.NullPointerException" message="flowPublisher">
      <![CDATA[java.lang.NullPointerException: flowPublisher
at java.base/java.util.Objects.requireNonNull(Objects.java:233)
at org.reactivestreams.FlowAdapters.toPublisher(FlowAdapters.java:28)
at org.reactivestreams.tck.flow.FlowPublisherVerification.createPublisher(FlowPublisherVerification.java:32)
at org.reactivestreams.tck.PublisherVerification.optionalActivePublisherTest(PublisherVerification.java:1156)
at org.reactivestreams.tck.PublisherVerification.optional_spec111_maySupportMultiSubscribe(PublisherVerification.java:549)
at java.base/java.util.ArrayList.forEach(ArrayList.java:1511)
... Removed 32 stack frames]]>
    </failure>
  </testcase> <!-- optional_spec111_maySupportMultiSubscribe -->
  <testcase classname="org.reactivestreams.tck.PublisherVerification" name="optional_spec111_multicast_mustProduceTheSameElementsInTheSameSequenceToAllOfItsSubscribersWhenRequestingManyUpfront" time="0.0">
    <failure type="java.lang.NullPointerException" message="flowPublisher">
      <![CDATA[java.lang.NullPointerException: flowPublisher
at java.base/java.util.Objects.requireNonNull(Objects.java:233)
at org.reactivestreams.FlowAdapters.toPublisher(FlowAdapters.java:28)
at org.reactivestreams.tck.flow.FlowPublisherVerification.createPublisher(FlowPublisherVerification.java:32)
at org.reactivestreams.tck.PublisherVerification.optionalActivePublisherTest(PublisherVerification.java:1156)
at org.reactivestreams.tck.PublisherVerification.optional_spec111_multicast_mustProduceTheSameElementsInTheSameSequenceToAllOfItsSubscribersWhenRequestingManyUpfront(PublisherVerification.java:647)
at java.base/java.util.ArrayList.forEach(ArrayList.java:1511)
... Removed 32 stack frames]]>
    </failure>
  </testcase> <!-- optional_spec111_multicast_mustProduceTheSameElementsInTheSameSequenceToAllOfItsSubscribersWhenRequestingManyUpfront -->
  <testcase classname="org.reactivestreams.tck.PublisherVerification" name="optional_spec111_multicast_mustProduceTheSameElementsInTheSameSequenceToAllOfItsSubscribersWhenRequestingManyUpfrontAndCompleteAsExpected" time="0.001">
    <failure type="java.lang.NullPointerException" message="flowPublisher">
      <![CDATA[java.lang.NullPointerException: flowPublisher
at java.base/java.util.Objects.requireNonNull(Objects.java:233)
at org.reactivestreams.FlowAdapters.toPublisher(FlowAdapters.java:28)
at org.reactivestreams.tck.flow.FlowPublisherVerification.createPublisher(FlowPublisherVerification.java:32)
at org.reactivestreams.tck.PublisherVerification.optionalActivePublisherTest(PublisherVerification.java:1156)
at org.reactivestreams.tck.PublisherVerification.optional_spec111_multicast_mustProduceTheSameElementsInTheSameSequenceToAllOfItsSubscribersWhenRequestingManyUpfrontAndCompleteAsExpected(PublisherVerification.java:679)
at java.base/java.util.ArrayList.forEach(ArrayList.java:1511)
... Removed 32 stack frames]]>
    </failure>
  </testcase> <!-- optional_spec111_multicast_mustProduceTheSameElementsInTheSameSequenceToAllOfItsSubscribersWhenRequestingManyUpfrontAndCompleteAsExpected -->
  <testcase classname="org.reactivestreams.tck.PublisherVerification" name="optional_spec111_multicast_mustProduceTheSameElementsInTheSameSequenceToAllOfItsSubscribersWhenRequestingOneByOne" time="0.002">
    <failure type="java.lang.NullPointerException" message="flowPublisher">
      <![CDATA[java.lang.NullPointerException: flowPublisher
at java.base/java.util.Objects.requireNonNull(Objects.java:233)
at org.reactivestreams.FlowAdapters.toPublisher(FlowAdapters.java:28)
at org.reactivestreams.tck.flow.FlowPublisherVerification.createPublisher(FlowPublisherVerification.java:32)
at org.reactivestreams.tck.PublisherVerification.optionalActivePublisherTest(PublisherVerification.java:1156)
at org.reactivestreams.tck.PublisherVerification.optional_spec111_multicast_mustProduceTheSameElementsInTheSameSequenceToAllOfItsSubscribersWhenRequestingOneByOne(PublisherVerification.java:597)
at java.base/java.util.ArrayList.forEach(ArrayList.java:1511)
... Removed 32 stack frames]]>
    </failure>
  </testcase> <!-- optional_spec111_multicast_mustProduceTheSameElementsInTheSameSequenceToAllOfItsSubscribersWhenRequestingOneByOne -->
  <testcase classname="org.reactivestreams.tck.PublisherVerification" name="optional_spec111_registeredSubscribersMustReceiveOnNextOrOnCompleteSignals" time="0.001">
    <failure type="java.lang.NullPointerException" message="flowPublisher">
      <![CDATA[java.lang.NullPointerException: flowPublisher
at java.base/java.util.Objects.requireNonNull(Objects.java:233)
at org.reactivestreams.FlowAdapters.toPublisher(FlowAdapters.java:28)
at org.reactivestreams.tck.flow.FlowPublisherVerification.createPublisher(FlowPublisherVerification.java:32)
at org.reactivestreams.tck.PublisherVerification.optionalActivePublisherTest(PublisherVerification.java:1156)
at org.reactivestreams.tck.PublisherVerification.optional_spec111_registeredSubscribersMustReceiveOnNextOrOnCompleteSignals(PublisherVerification.java:570)
at java.base/java.util.ArrayList.forEach(ArrayList.java:1511)
... Removed 32 stack frames]]>
    </failure>
  </testcase> <!-- optional_spec111_registeredSubscribersMustReceiveOnNextOrOnCompleteSignals -->
  <testcase classname="org.reactivestreams.tck.PublisherVerification" name="optional_spec309_requestNegativeNumberMaySignalIllegalArgumentExceptionWithSpecificMessage" time="0.001">
    <failure type="java.lang.NullPointerException" message="flowPublisher">
      <![CDATA[java.lang.NullPointerException: flowPublisher
at java.base/java.util.Objects.requireNonNull(Objects.java:233)
at org.reactivestreams.FlowAdapters.toPublisher(FlowAdapters.java:28)
at org.reactivestreams.tck.flow.FlowPublisherVerification.createPublisher(FlowPublisherVerification.java:32)
at org.reactivestreams.tck.PublisherVerification.optionalActivePublisherTest(PublisherVerification.java:1156)
at org.reactivestreams.tck.PublisherVerification.optional_spec309_requestNegativeNumberMaySignalIllegalArgumentExceptionWithSpecificMessage(PublisherVerification.java:915)
at java.base/java.util.ArrayList.forEach(ArrayList.java:1511)
... Removed 32 stack frames]]>
    </failure>
  </testcase> <!-- optional_spec309_requestNegativeNumberMaySignalIllegalArgumentExceptionWithSpecificMessage -->
  <testcase classname="org.reactivestreams.tck.PublisherVerification" name="required_createPublisher1MustProduceAStreamOfExactly1Element" time="0.001">
    <failure type="java.lang.NullPointerException" message="flowPublisher">
      <![CDATA[java.lang.NullPointerException: flowPublisher
at java.base/java.util.Objects.requireNonNull(Objects.java:233)
at org.reactivestreams.FlowAdapters.toPublisher(FlowAdapters.java:28)
at org.reactivestreams.tck.flow.FlowPublisherVerification.createPublisher(FlowPublisherVerification.java:32)
at org.reactivestreams.tck.PublisherVerification.activePublisherTest(PublisherVerification.java:1134)
at org.reactivestreams.tck.PublisherVerification.required_createPublisher1MustProduceAStreamOfExactly1Element(PublisherVerification.java:155)
at java.base/java.util.ArrayList.forEach(ArrayList.java:1511)
... Removed 32 stack frames]]>
    </failure>
  </testcase> <!-- required_createPublisher1MustProduceAStreamOfExactly1Element -->
  <testcase classname="org.reactivestreams.tck.PublisherVerification" name="required_createPublisher3MustProduceAStreamOfExactly3Elements" time="0.001">
    <failure type="java.lang.NullPointerException" message="flowPublisher">
      <![CDATA[java.lang.NullPointerException: flowPublisher
at java.base/java.util.Objects.requireNonNull(Objects.java:233)
at org.reactivestreams.FlowAdapters.toPublisher(FlowAdapters.java:28)
at org.reactivestreams.tck.flow.FlowPublisherVerification.createPublisher(FlowPublisherVerification.java:32)
at org.reactivestreams.tck.PublisherVerification.activePublisherTest(PublisherVerification.java:1134)
at org.reactivestreams.tck.PublisherVerification.required_createPublisher3MustProduceAStreamOfExactly3Elements(PublisherVerification.java:172)
at java.base/java.util.ArrayList.forEach(ArrayList.java:1511)
... Removed 32 stack frames]]>
    </failure>
  </testcase> <!-- required_createPublisher3MustProduceAStreamOfExactly3Elements -->
  <testcase classname="org.reactivestreams.tck.PublisherVerification" name="required_spec101_subscriptionRequestMustResultInTheCorrectNumberOfProducedElements" time="0.001">
    <failure type="java.lang.NullPointerException" message="flowPublisher">
      <![CDATA[java.lang.NullPointerException: flowPublisher
at java.base/java.util.Objects.requireNonNull(Objects.java:233)
at org.reactivestreams.FlowAdapters.toPublisher(FlowAdapters.java:28)
at org.reactivestreams.tck.flow.FlowPublisherVerification.createPublisher(FlowPublisherVerification.java:32)
at org.reactivestreams.tck.PublisherVerification.activePublisherTest(PublisherVerification.java:1134)
at org.reactivestreams.tck.PublisherVerification.required_spec101_subscriptionRequestMustResultInTheCorrectNumberOfProducedElements(PublisherVerification.java:204)
at java.base/java.util.ArrayList.forEach(ArrayList.java:1511)
... Removed 32 stack frames]]>
    </failure>
  </testcase> <!-- required_spec101_subscriptionRequestMustResultInTheCorrectNumberOfProducedElements -->
  <testcase classname="org.reactivestreams.tck.PublisherVerification" name="required_spec102_maySignalLessThanRequestedAndTerminateSubscription" time="0.001">
    <failure type="java.lang.NullPointerException" message="flowPublisher">
      <![CDATA[java.lang.NullPointerException: flowPublisher
at java.base/java.util.Objects.requireNonNull(Objects.java:233)
at org.reactivestreams.FlowAdapters.toPublisher(FlowAdapters.java:28)
at org.reactivestreams.tck.flow.FlowPublisherVerification.createPublisher(FlowPublisherVerification.java:32)
at org.reactivestreams.tck.PublisherVerification.activePublisherTest(PublisherVerification.java:1134)
at org.reactivestreams.tck.PublisherVerification.required_spec102_maySignalLessThanRequestedAndTerminateSubscription(PublisherVerification.java:232)
at java.base/java.util.ArrayList.forEach(ArrayList.java:1511)
... Removed 32 stack frames]]>
    </failure>
  </testcase> <!-- required_spec102_maySignalLessThanRequestedAndTerminateSubscription -->
  <testcase classname="org.reactivestreams.tck.PublisherVerification" name="required_spec105_mustSignalOnCompleteWhenFiniteStreamTerminates" time="0.001">
    <failure type="java.lang.NullPointerException" message="flowPublisher">
      <![CDATA[java.lang.NullPointerException: flowPublisher
at java.base/java.util.Objects.requireNonNull(Objects.java:233)
at org.reactivestreams.FlowAdapters.toPublisher(FlowAdapters.java:28)
at org.reactivestreams.tck.flow.FlowPublisherVerification.createPublisher(FlowPublisherVerification.java:32)
at org.reactivestreams.tck.PublisherVerification.activePublisherTest(PublisherVerification.java:1134)
at org.reactivestreams.tck.PublisherVerification.required_spec105_mustSignalOnCompleteWhenFiniteStreamTerminates(PublisherVerification.java:390)
at java.base/java.util.ArrayList.forEach(ArrayList.java:1511)
... Removed 32 stack frames]]>
    </failure>
  </testcase> <!-- required_spec105_mustSignalOnCompleteWhenFiniteStreamTerminates -->
  <testcase classname="org.reactivestreams.tck.PublisherVerification" name="required_spec107_mustNotEmitFurtherSignalsOnceOnCompleteHasBeenSignalled" time="0.002">
    <failure type="java.lang.NullPointerException" message="flowPublisher">
      <![CDATA[java.lang.NullPointerException: flowPublisher
at java.base/java.util.Objects.requireNonNull(Objects.java:233)
at org.reactivestreams.FlowAdapters.toPublisher(FlowAdapters.java:28)
at org.reactivestreams.tck.flow.FlowPublisherVerification.createPublisher(FlowPublisherVerification.java:32)
at org.reactivestreams.tck.PublisherVerification.activePublisherTest(PublisherVerification.java:1134)
at org.reactivestreams.tck.PublisherVerification.required_spec107_mustNotEmitFurtherSignalsOnceOnCompleteHasBeenSignalled(PublisherVerification.java:423)
at java.base/java.util.ArrayList.forEach(ArrayList.java:1511)
... Removed 32 stack frames]]>
    </failure>
  </testcase> <!-- required_spec107_mustNotEmitFurtherSignalsOnceOnCompleteHasBeenSignalled -->
  <testcase classname="org.reactivestreams.tck.PublisherVerification" name="required_spec109_mayRejectCallsToSubscribeIfPublisherIsUnableOrUnwillingToServeThemRejectionMustTriggerOnErrorAfterOnSubscribe" time="0.001">
    <skipped/>
  </testcase> <!-- required_spec109_mayRejectCallsToSubscribeIfPublisherIsUnableOrUnwillingToServeThemRejectionMustTriggerOnErrorAfterOnSubscribe -->
  <testcase classname="org.reactivestreams.tck.PublisherVerification" name="required_spec109_mustIssueOnSubscribeForNonNullSubscriber" time="0.002">
    <failure type="java.lang.NullPointerException" message="flowPublisher">
      <![CDATA[java.lang.NullPointerException: flowPublisher
at java.base/java.util.Objects.requireNonNull(Objects.java:233)
at org.reactivestreams.FlowAdapters.toPublisher(FlowAdapters.java:28)
at org.reactivestreams.tck.flow.FlowPublisherVerification.createPublisher(FlowPublisherVerification.java:32)
at org.reactivestreams.tck.PublisherVerification.activePublisherTest(PublisherVerification.java:1134)
at org.reactivestreams.tck.PublisherVerification.required_spec109_mustIssueOnSubscribeForNonNullSubscriber(PublisherVerification.java:470)
at java.base/java.util.ArrayList.forEach(ArrayList.java:1511)
... Removed 32 stack frames]]>
    </failure>
  </testcase> <!-- required_spec109_mustIssueOnSubscribeForNonNullSubscriber -->
  <testcase classname="org.reactivestreams.tck.PublisherVerification" name="required_spec109_subscribeThrowNPEOnNullSubscriber" time="0.0">
    <failure type="java.lang.NullPointerException" message="flowPublisher">
      <![CDATA[java.lang.NullPointerException: flowPublisher
at java.base/java.util.Objects.requireNonNull(Objects.java:233)
at org.reactivestreams.FlowAdapters.toPublisher(FlowAdapters.java:28)
at org.reactivestreams.tck.flow.FlowPublisherVerification.createPublisher(FlowPublisherVerification.java:32)
at org.reactivestreams.tck.PublisherVerification.activePublisherTest(PublisherVerification.java:1134)
at org.reactivestreams.tck.PublisherVerification.required_spec109_subscribeThrowNPEOnNullSubscriber(PublisherVerification.java:454)
at java.base/java.util.ArrayList.forEach(ArrayList.java:1511)
... Removed 32 stack frames]]>
    </failure>
  </testcase> <!-- required_spec109_subscribeThrowNPEOnNullSubscriber -->
  <testcase classname="org.reactivestreams.tck.PublisherVerification" name="required_spec302_mustAllowSynchronousRequestCallsFromOnNextAndOnSubscribe" time="0.002">
    <failure type="java.lang.NullPointerException" message="flowPublisher">
      <![CDATA[java.lang.NullPointerException: flowPublisher
at java.base/java.util.Objects.requireNonNull(Objects.java:233)
at org.reactivestreams.FlowAdapters.toPublisher(FlowAdapters.java:28)
at org.reactivestreams.tck.flow.FlowPublisherVerification.createPublisher(FlowPublisherVerification.java:32)
at org.reactivestreams.tck.PublisherVerification.activePublisherTest(PublisherVerification.java:1134)
at org.reactivestreams.tck.PublisherVerification.required_spec302_mustAllowSynchronousRequestCallsFromOnNextAndOnSubscribe(PublisherVerification.java:714)
at java.base/java.util.ArrayList.forEach(ArrayList.java:1511)
... Removed 32 stack frames]]>
    </failure>
  </testcase> <!-- required_spec302_mustAllowSynchronousRequestCallsFromOnNextAndOnSubscribe -->
  <testcase classname="org.reactivestreams.tck.PublisherVerification" name="required_spec303_mustNotAllowUnboundedRecursion" time="0.002">
    <failure type="java.lang.NullPointerException" message="flowPublisher">
      <![CDATA[java.lang.NullPointerException: flowPublisher
at java.base/java.util.Objects.requireNonNull(Objects.java:233)
at org.reactivestreams.FlowAdapters.toPublisher(FlowAdapters.java:28)
at org.reactivestreams.tck.flow.FlowPublisherVerification.createPublisher(FlowPublisherVerification.java:32)
at org.reactivestreams.tck.PublisherVerification.activePublisherTest(PublisherVerification.java:1134)
at org.reactivestreams.tck.PublisherVerification.required_spec303_mustNotAllowUnboundedRecursion(PublisherVerification.java:745)
at java.base/java.util.ArrayList.forEach(ArrayList.java:1511)
... Removed 32 stack frames]]>
    </failure>
  </testcase> <!-- required_spec303_mustNotAllowUnboundedRecursion -->
  <testcase classname="org.reactivestreams.tck.PublisherVerification" name="required_spec306_afterSubscriptionIsCancelledRequestMustBeNops" time="0.001">
    <failure type="java.lang.NullPointerException" message="flowPublisher">
      <![CDATA[java.lang.NullPointerException: flowPublisher
at java.base/java.util.Objects.requireNonNull(Objects.java:233)
at org.reactivestreams.FlowAdapters.toPublisher(FlowAdapters.java:28)
at org.reactivestreams.tck.flow.FlowPublisherVerification.createPublisher(FlowPublisherVerification.java:32)
at org.reactivestreams.tck.PublisherVerification.activePublisherTest(PublisherVerification.java:1134)
at org.reactivestreams.tck.PublisherVerification.required_spec306_afterSubscriptionIsCancelledRequestMustBeNops(PublisherVerification.java:837)
at java.base/java.util.ArrayList.forEach(ArrayList.java:1511)
... Removed 32 stack frames]]>
    </failure>
  </testcase> <!-- required_spec306_afterSubscriptionIsCancelledRequestMustBeNops -->
  <testcase classname="org.reactivestreams.tck.PublisherVerification" name="required_spec307_afterSubscriptionIsCancelledAdditionalCancelationsMustBeNops" time="0.002">
    <failure type="java.lang.NullPointerException" message="flowPublisher">
      <![CDATA[java.lang.NullPointerException: flowPublisher
at java.base/java.util.Objects.requireNonNull(Objects.java:233)
at org.reactivestreams.FlowAdapters.toPublisher(FlowAdapters.java:28)
at org.reactivestreams.tck.flow.FlowPublisherVerification.createPublisher(FlowPublisherVerification.java:32)
at org.reactivestreams.tck.PublisherVerification.activePublisherTest(PublisherVerification.java:1134)
at org.reactivestreams.tck.PublisherVerification.required_spec307_afterSubscriptionIsCancelledAdditionalCancelationsMustBeNops(PublisherVerification.java:870)
at java.base/java.util.ArrayList.forEach(ArrayList.java:1511)
... Removed 32 stack frames]]>
    </failure>
  </testcase> <!-- required_spec307_afterSubscriptionIsCancelledAdditionalCancelationsMustBeNops -->
  <testcase classname="org.reactivestreams.tck.PublisherVerification" name="required_spec309_requestNegativeNumberMustSignalIllegalArgumentException" time="0.002">
    <failure type="java.lang.NullPointerException" message="flowPublisher">
      <![CDATA[java.lang.NullPointerException: flowPublisher
at java.base/java.util.Objects.requireNonNull(Objects.java:233)
at org.reactivestreams.FlowAdapters.toPublisher(FlowAdapters.java:28)
at org.reactivestreams.tck.flow.FlowPublisherVerification.createPublisher(FlowPublisherVerification.java:32)
at org.reactivestreams.tck.PublisherVerification.activePublisherTest(PublisherVerification.java:1134)
at org.reactivestreams.tck.PublisherVerification.required_spec309_requestNegativeNumberMustSignalIllegalArgumentException(PublisherVerification.java:901)
at java.base/java.util.ArrayList.forEach(ArrayList.java:1511)
... Removed 32 stack frames]]>
    </failure>
  </testcase> <!-- required_spec309_requestNegativeNumberMustSignalIllegalArgumentException -->
  <testcase classname="org.reactivestreams.tck.PublisherVerification" name="required_spec309_requestZeroMustSignalIllegalArgumentException" time="0.002">
    <failure type="java.lang.NullPointerException" message="flowPublisher">
      <![CDATA[java.lang.NullPointerException: flowPublisher
at java.base/java.util.Objects.requireNonNull(Objects.java:233)
at org.reactivestreams.FlowAdapters.toPublisher(FlowAdapters.java:28)
at org.reactivestreams.tck.flow.FlowPublisherVerification.createPublisher(FlowPublisherVerification.java:32)
at org.reactivestreams.tck.PublisherVerification.activePublisherTest(PublisherVerification.java:1134)
at org.reactivestreams.tck.PublisherVerification.required_spec309_requestZeroMustSignalIllegalArgumentException(PublisherVerification.java:890)
at java.base/java.util.ArrayList.forEach(ArrayList.java:1511)
... Removed 32 stack frames]]>
    </failure>
  </testcase> <!-- required_spec309_requestZeroMustSignalIllegalArgumentException -->
  <testcase classname="org.reactivestreams.tck.PublisherVerification" name="required_spec312_cancelMustMakeThePublisherToEventuallyStopSignaling" time="0.001">
    <failure type="java.lang.NullPointerException" message="flowPublisher">
      <![CDATA[java.lang.NullPointerException: flowPublisher
at java.base/java.util.Objects.requireNonNull(Objects.java:233)
at org.reactivestreams.FlowAdapters.toPublisher(FlowAdapters.java:28)
at org.reactivestreams.tck.flow.FlowPublisherVerification.createPublisher(FlowPublisherVerification.java:32)
at org.reactivestreams.tck.PublisherVerification.activePublisherTest(PublisherVerification.java:1134)
at org.reactivestreams.tck.PublisherVerification.required_spec312_cancelMustMakeThePublisherToEventuallyStopSignaling(PublisherVerification.java:936)
at java.base/java.util.ArrayList.forEach(ArrayList.java:1511)
... Removed 32 stack frames]]>
    </failure>
  </testcase> <!-- required_spec312_cancelMustMakeThePublisherToEventuallyStopSignaling -->
  <testcase classname="org.reactivestreams.tck.PublisherVerification" name="required_spec313_cancelMustMakeThePublisherEventuallyDropAllReferencesToTheSubscriber" time="0.002">
    <failure type="java.lang.NullPointerException" message="flowPublisher">
      <![CDATA[java.lang.NullPointerException: flowPublisher
at java.base/java.util.Objects.requireNonNull(Objects.java:233)
at org.reactivestreams.FlowAdapters.toPublisher(FlowAdapters.java:28)
at org.reactivestreams.tck.flow.FlowPublisherVerification.createPublisher(FlowPublisherVerification.java:32)
at org.reactivestreams.tck.PublisherVerification.activePublisherTest(PublisherVerification.java:1134)
at org.reactivestreams.tck.PublisherVerification.required_spec313_cancelMustMakeThePublisherEventuallyDropAllReferencesToTheSubscriber(PublisherVerification.java:1007)
at java.base/java.util.ArrayList.forEach(ArrayList.java:1511)
... Removed 32 stack frames]]>
    </failure>
  </testcase> <!-- required_spec313_cancelMustMakeThePublisherEventuallyDropAllReferencesToTheSubscriber -->
  <testcase classname="org.reactivestreams.tck.PublisherVerification" name="required_spec317_mustNotSignalOnErrorWhenPendingAboveLongMaxValue" time="0.002">
    <failure type="java.lang.NullPointerException" message="flowPublisher">
      <![CDATA[java.lang.NullPointerException: flowPublisher
at java.base/java.util.Objects.requireNonNull(Objects.java:233)
at org.reactivestreams.FlowAdapters.toPublisher(FlowAdapters.java:28)
at org.reactivestreams.tck.flow.FlowPublisherVerification.createPublisher(FlowPublisherVerification.java:32)
at org.reactivestreams.tck.PublisherVerification.activePublisherTest(PublisherVerification.java:1134)
at org.reactivestreams.tck.PublisherVerification.required_spec317_mustNotSignalOnErrorWhenPendingAboveLongMaxValue(PublisherVerification.java:1071)
at java.base/java.util.ArrayList.forEach(ArrayList.java:1511)
... Removed 32 stack frames]]>
    </failure>
  </testcase> <!-- required_spec317_mustNotSignalOnErrorWhenPendingAboveLongMaxValue -->
  <testcase classname="org.reactivestreams.tck.PublisherVerification" name="required_spec317_mustSupportACumulativePendingElementCountUpToLongMaxValue" time="0.001">
    <failure type="java.lang.NullPointerException" message="flowPublisher">
      <![CDATA[java.lang.NullPointerException: flowPublisher
at java.base/java.util.Objects.requireNonNull(Objects.java:233)
at org.reactivestreams.FlowAdapters.toPublisher(FlowAdapters.java:28)
at org.reactivestreams.tck.flow.FlowPublisherVerification.createPublisher(FlowPublisherVerification.java:32)
at org.reactivestreams.tck.PublisherVerification.activePublisherTest(PublisherVerification.java:1134)
at org.reactivestreams.tck.PublisherVerification.required_spec317_mustSupportACumulativePendingElementCountUpToLongMaxValue(PublisherVerification.java:1048)
at java.base/java.util.ArrayList.forEach(ArrayList.java:1511)
... Removed 32 stack frames]]>
    </failure>
  </testcase> <!-- required_spec317_mustSupportACumulativePendingElementCountUpToLongMaxValue -->
  <testcase classname="org.reactivestreams.tck.PublisherVerification" name="required_spec317_mustSupportAPendingElementCountUpToLongMaxValue" time="0.0">
    <failure type="java.lang.NullPointerException" message="flowPublisher">
      <![CDATA[java.lang.NullPointerException: flowPublisher
at java.base/java.util.Objects.requireNonNull(Objects.java:233)
at org.reactivestreams.FlowAdapters.toPublisher(FlowAdapters.java:28)
at org.reactivestreams.tck.flow.FlowPublisherVerification.createPublisher(FlowPublisherVerification.java:32)
at org.reactivestreams.tck.PublisherVerification.activePublisherTest(PublisherVerification.java:1134)
at org.reactivestreams.tck.PublisherVerification.required_spec317_mustSupportAPendingElementCountUpToLongMaxValue(PublisherVerification.java:1030)
at java.base/java.util.ArrayList.forEach(ArrayList.java:1511)
... Removed 32 stack frames]]>
    </failure>
  </testcase> <!-- required_spec317_mustSupportAPendingElementCountUpToLongMaxValue -->
  <testcase classname="org.reactivestreams.tck.PublisherVerification" name="required_validate_boundedDepthOfOnNextAndRequestRecursion" time="0.006"/>
  <testcase classname="org.reactivestreams.tck.PublisherVerification" name="required_validate_maxElementsFromPublisher" time="0.0"/>
  <testcase classname="org.reactivestreams.tck.PublisherVerification" name="stochastic_spec103_mustSignalOnMethodsSequentially" time="0.003">
    <failure type="java.lang.NullPointerException" message="flowPublisher">
      <![CDATA[java.lang.NullPointerException: flowPublisher
at java.base/java.util.Objects.requireNonNull(Objects.java:233)
at org.reactivestreams.FlowAdapters.toPublisher(FlowAdapters.java:28)
at org.reactivestreams.tck.flow.FlowPublisherVerification.createPublisher(FlowPublisherVerification.java:32)
at org.reactivestreams.tck.PublisherVerification.activePublisherTest(PublisherVerification.java:1134)
at org.reactivestreams.tck.PublisherVerification$5.apply(PublisherVerification.java:251)
at org.reactivestreams.tck.PublisherVerification$5.apply(PublisherVerification.java:248)
at org.reactivestreams.tck.PublisherVerification.stochasticTest(PublisherVerification.java:1204)
at org.reactivestreams.tck.PublisherVerification.stochastic_spec103_mustSignalOnMethodsSequentially(PublisherVerification.java:248)
at java.base/java.util.ArrayList.forEach(ArrayList.java:1511)
... Removed 32 stack frames]]>
    </failure>
  </testcase> <!-- stochastic_spec103_mustSignalOnMethodsSequentially -->
  <testcase classname="org.reactivestreams.tck.PublisherVerification" name="untested_spec106_mustConsiderSubscriptionCancelledAfterOnErrorOrOnCompleteHasBeenCalled" time="0.0">
    <skipped/>
  </testcase> <!-- untested_spec106_mustConsiderSubscriptionCancelledAfterOnErrorOrOnCompleteHasBeenCalled -->
  <testcase classname="org.reactivestreams.tck.PublisherVerification" name="untested_spec107_mustNotEmitFurtherSignalsOnceOnErrorHasBeenSignalled" time="0.0">
    <skipped/>
  </testcase> <!-- untested_spec107_mustNotEmitFurtherSignalsOnceOnErrorHasBeenSignalled -->
  <testcase classname="org.reactivestreams.tck.PublisherVerification" name="untested_spec108_possiblyCanceledSubscriptionShouldNotReceiveOnErrorOrOnCompleteSignals" time="0.0">
    <skipped/>
  </testcase> <!-- untested_spec108_possiblyCanceledSubscriptionShouldNotReceiveOnErrorOrOnCompleteSignals -->
  <testcase classname="org.reactivestreams.tck.PublisherVerification" name="untested_spec109_subscribeShouldNotThrowNonFatalThrowable" time="0.0">
    <skipped/>
  </testcase> <!-- untested_spec109_subscribeShouldNotThrowNonFatalThrowable -->
  <testcase classname="org.reactivestreams.tck.PublisherVerification" name="untested_spec110_rejectASubscriptionRequestIfTheSameSubscriberSubscribesTwice" time="0.0">
    <skipped/>
  </testcase> <!-- untested_spec110_rejectASubscriptionRequestIfTheSameSubscriberSubscribesTwice -->
  <testcase classname="org.reactivestreams.tck.PublisherVerification" name="untested_spec304_requestShouldNotPerformHeavyComputations" time="0.0">
    <skipped/>
  </testcase> <!-- untested_spec304_requestShouldNotPerformHeavyComputations -->
  <testcase classname="org.reactivestreams.tck.PublisherVerification" name="untested_spec305_cancelMustNotSynchronouslyPerformHeavyComputation" time="0.001">
    <skipped/>
  </testcase> <!-- untested_spec305_cancelMustNotSynchronouslyPerformHeavyComputation -->
</testsuite> <!-- Surefire test -->
