<?xml version="1.0" encoding="UTF-8"?>
<testsuite xmlns:xsi="http://www.w3.org/2001/XMLSchema-instance" xsi:noNamespaceSchemaLocation="https://maven.apache.org/surefire/maven-surefire-plugin/xsd/surefire-test-report.xsd" name="TestSuite" time="1.417" tests="39" errors="0" skipped="9" failures="27">
  <properties>
[...]
</properties>
  <testcase name="optional_spec104_mustSignalOnErrorWhenFails" classname="org.example.SimplePublisherTest" time="0">
    <skipped message="Skipping because no error state Publisher provided, and the test requires it. Please implement PublisherVerification#createFailedPublisher to run this test."/>
  </testcase>
  <testcase name="optional_spec105_emptyStreamMustTerminateBySignallingOnComplete" classname="org.example.SimplePublisherTest" time="0.013">
    <failure message="flowPublisher" type="java.lang.NullPointerException">java.lang.NullPointerException: flowPublisher
</failure>
  </testcase>
  <testcase name="optional_spec111_maySupportMultiSubscribe" classname="org.example.SimplePublisherTest" time="0.001">
    <failure message="flowPublisher" type="java.lang.NullPointerException">java.lang.NullPointerException: flowPublisher
</failure>
  </testcase>
  <testcase name="optional_spec111_multicast_mustProduceTheSameElementsInTheSameSequenceToAllOfItsSubscribersWhenRequestingManyUpfront" classname="org.example.SimplePublisherTest" time="0.002">
    <failure message="flowPublisher" type="java.lang.NullPointerException">java.lang.NullPointerException: flowPublisher
</failure>
  </testcase>
  <testcase name="optional_spec111_multicast_mustProduceTheSameElementsInTheSameSequenceToAllOfItsSubscribersWhenRequestingManyUpfrontAndCompleteAsExpected" classname="org.example.SimplePublisherTest" time="0.002">
    <failure message="flowPublisher" type="java.lang.NullPointerException">java.lang.NullPointerException: flowPublisher
</failure>
  </testcase>
  <testcase name="optional_spec111_multicast_mustProduceTheSameElementsInTheSameSequenceToAllOfItsSubscribersWhenRequestingOneByOne" classname="org.example.SimplePublisherTest" time="0.002">
    <failure message="flowPublisher" type="java.lang.NullPointerException">java.lang.NullPointerException: flowPublisher
</failure>
  </testcase>
  <testcase name="optional_spec111_registeredSubscribersMustReceiveOnNextOrOnCompleteSignals" classname="org.example.SimplePublisherTest" time="0.002">
    <failure message="flowPublisher" type="java.lang.NullPointerException">java.lang.NullPointerException: flowPublisher
</failure>
  </testcase>
  <testcase name="optional_spec309_requestNegativeNumberMaySignalIllegalArgumentExceptionWithSpecificMessage" classname="org.example.SimplePublisherTest" time="0.002">
    <failure message="flowPublisher" type="java.lang.NullPointerException">java.lang.NullPointerException: flowPublisher
</failure>
  </testcase>
  <testcase name="required_createPublisher1MustProduceAStreamOfExactly1Element" classname="org.example.SimplePublisherTest" time="0.002">
    <failure message="flowPublisher" type="java.lang.NullPointerException">java.lang.NullPointerException: flowPublisher
</failure>
  </testcase>
  <testcase name="required_createPublisher3MustProduceAStreamOfExactly3Elements" classname="org.example.SimplePublisherTest" time="0.003">
    <failure message="flowPublisher" type="java.lang.NullPointerException">java.lang.NullPointerException: flowPublisher
</failure>
  </testcase>
  <testcase name="required_spec101_subscriptionRequestMustResultInTheCorrectNumberOfProducedElements" classname="org.example.SimplePublisherTest" time="0.001">
    <failure message="flowPublisher" type="java.lang.NullPointerException">java.lang.NullPointerException: flowPublisher
</failure>
  </testcase>
  <testcase name="required_spec102_maySignalLessThanRequestedAndTerminateSubscription" classname="org.example.SimplePublisherTest" time="0.002">
    <failure message="flowPublisher" type="java.lang.NullPointerException">java.lang.NullPointerException: flowPublisher
</failure>
  </testcase>
  <testcase name="required_spec105_mustSignalOnCompleteWhenFiniteStreamTerminates" classname="org.example.SimplePublisherTest" time="0">
    <failure message="flowPublisher" type="java.lang.NullPointerException">java.lang.NullPointerException: flowPublisher
</failure>
  </testcase>
  <testcase name="required_spec107_mustNotEmitFurtherSignalsOnceOnCompleteHasBeenSignalled" classname="org.example.SimplePublisherTest" time="0.001">
    <failure message="flowPublisher" type="java.lang.NullPointerException">java.lang.NullPointerException: flowPublisher
</failure>
  </testcase>
  <testcase name="required_spec109_mayRejectCallsToSubscribeIfPublisherIsUnableOrUnwillingToServeThemRejectionMustTriggerOnErrorAfterOnSubscribe" classname="org.example.SimplePublisherTest" time="0">
    <skipped message="Skipping because no error state Publisher provided, and the test requires it. Please implement PublisherVerification#createFailedPublisher to run this test."/>
  </testcase>
  <testcase name="required_spec109_mustIssueOnSubscribeForNonNullSubscriber" classname="org.example.SimplePublisherTest" time="0.002">
    <failure message="flowPublisher" type="java.lang.NullPointerException">java.lang.NullPointerException: flowPublisher
</failure>
  </testcase>
  <testcase name="required_spec109_subscribeThrowNPEOnNullSubscriber" classname="org.example.SimplePublisherTest" time="0.002">
    <failure message="flowPublisher" type="java.lang.NullPointerException">java.lang.NullPointerException: flowPublisher
</failure>
  </testcase>
  <testcase name="required_spec302_mustAllowSynchronousRequestCallsFromOnNextAndOnSubscribe" classname="org.example.SimplePublisherTest" time="0.002">
    <failure message="flowPublisher" type="java.lang.NullPointerException">java.lang.NullPointerException: flowPublisher
</failure>
  </testcase>
  <testcase name="required_spec303_mustNotAllowUnboundedRecursion" classname="org.example.SimplePublisherTest" time="0.003">
    <failure message="flowPublisher" type="java.lang.NullPointerException">java.lang.NullPointerException: flowPublisher
</failure>
  </testcase>
  <testcase name="required_spec306_afterSubscriptionIsCancelledRequestMustBeNops" classname="org.example.SimplePublisherTest" time="0.002">
    <failure message="flowPublisher" type="java.lang.NullPointerException">java.lang.NullPointerException: flowPublisher
</failure>
  </testcase>
  <testcase name="required_spec307_afterSubscriptionIsCancelledAdditionalCancelationsMustBeNops" classname="org.example.SimplePublisherTest" time="0.001">
    <failure message="flowPublisher" type="java.lang.NullPointerException">java.lang.NullPointerException: flowPublisher
</failure>
  </testcase>
  <testcase name="required_spec309_requestNegativeNumberMustSignalIllegalArgumentException" classname="org.example.SimplePublisherTest" time="0.001">
    <failure message="flowPublisher" type="java.lang.NullPointerException">java.lang.NullPointerException: flowPublisher
</failure>
  </testcase>
  <testcase name="required_spec309_requestZeroMustSignalIllegalArgumentException" classname="org.example.SimplePublisherTest" time="0.001">
    <failure message="flowPublisher" type="java.lang.NullPointerException">java.lang.NullPointerException: flowPublisher
</failure>
  </testcase>
  <testcase name="required_spec312_cancelMustMakeThePublisherToEventuallyStopSignaling" classname="org.example.SimplePublisherTest" time="0.001">
    <failure message="flowPublisher" type="java.lang.NullPointerException">java.lang.NullPointerException: flowPublisher
</failure>
  </testcase>
  <testcase name="required_spec313_cancelMustMakeThePublisherEventuallyDropAllReferencesToTheSubscriber" classname="org.example.SimplePublisherTest" time="0.003">
    <failure message="flowPublisher" type="java.lang.NullPointerException">java.lang.NullPointerException: flowPublisher
</failure>
  </testcase>
  <testcase name="required_spec317_mustNotSignalOnErrorWhenPendingAboveLongMaxValue" classname="org.example.SimplePublisherTest" time="0.003">
    <failure message="flowPublisher" type="java.lang.NullPointerException">java.lang.NullPointerException: flowPublisher
</failure>
  </testcase>
  <testcase name="required_spec317_mustSupportACumulativePendingElementCountUpToLongMaxValue" classname="org.example.SimplePublisherTest" time="0.002">
    <failure message="flowPublisher" type="java.lang.NullPointerException">java.lang.NullPointerException: flowPublisher
</failure>
  </testcase>
  <testcase name="required_spec317_mustSupportAPendingElementCountUpToLongMaxValue" classname="org.example.SimplePublisherTest" time="0.002">
    <failure message="flowPublisher" type="java.lang.NullPointerException">java.lang.NullPointerException: flowPublisher
</failure>
  </testcase>
  <testcase name="required_validate_boundedDepthOfOnNextAndRequestRecursion" classname="org.example.SimplePublisherTest" time="0.006"/>
  <testcase name="required_validate_maxElementsFromPublisher" classname="org.example.SimplePublisherTest" time="0.001"/>
  <testcase name="stochastic_spec103_mustSignalOnMethodsSequentially" classname="org.example.SimplePublisherTest" time="0.004">
    <failure message="flowPublisher" type="java.lang.NullPointerException">java.lang.NullPointerException: flowPublisher
</failure>
  </testcase>
  <testcase name="untested_spec106_mustConsiderSubscriptionCancelledAfterOnErrorOrOnCompleteHasBeenCalled" classname="org.example.SimplePublisherTest" time="0">
    <skipped message="Not verified by this TCK."/>
  </testcase>
  <testcase name="untested_spec107_mustNotEmitFurtherSignalsOnceOnErrorHasBeenSignalled" classname="org.example.SimplePublisherTest" time="0">
    <skipped message="Not verified by this TCK."/>
  </testcase>
  <testcase name="untested_spec108_possiblyCanceledSubscriptionShouldNotReceiveOnErrorOrOnCompleteSignals" classname="org.example.SimplePublisherTest" time="0">
    <skipped message="Not verified by this TCK."/>
  </testcase>
  <testcase name="untested_spec109_subscribeShouldNotThrowNonFatalThrowable" classname="org.example.SimplePublisherTest" time="0">
    <skipped message="Not verified by this TCK."/>
  </testcase>
  <testcase name="untested_spec110_rejectASubscriptionRequestIfTheSameSubscriberSubscribesTwice" classname="org.example.SimplePublisherTest" time="0">
    <skipped message="Not verified by this TCK."/>
  </testcase>
  <testcase name="untested_spec304_requestShouldNotPerformHeavyComputations" classname="org.example.SimplePublisherTest" time="0">
    <skipped message="Not verified by this TCK."/>
  </testcase>
  <testcase name="untested_spec305_cancelMustNotSynchronouslyPerformHeavyComputation" classname="org.example.SimplePublisherTest" time="0">
    <skipped message="Not verified by this TCK."/>
  </testcase>
  <testcase name="shouldAnswerWithTrue on shouldAnswerWithTrue(org.example.AppTest)" classname="org.example.AppTest" time="0.001"/>
</testsuite>